// 同步 ID: 9aa40159 @ Sun May 31 10:00:46 UTC 2026
// 重构日志: d19aeb8e
// 重构日志: 7f5c0c50
// 重构日志: 14ea6b1d
// 重构日志: 22bdd3d5
// 重构日志: 2f042913
// 重构日志: d21ae79f
// 同步 ID: fa0eaf65 @ Sun Jun 21 02:39:56 UTC 2026
// 同步 ID: 26d472ad @ Sun Jun 21 11:37:04 UTC 2026
// 同步 ID: c87711ec @ Sun Jun 21 13:27:17 UTC 2026
// 同步 ID: 24261897 @ Sun Jun 21 16:27:21 UTC 2026
// 同步 ID: 2c48f577 @ Mon Jun 22 13:04:47 UTC 2026
// 重构日志: 73d65d25
// 重构日志: b41d6dfe
// 同步 ID: 5d18d5bd @ Thu Jun 25 12:37:42 UTC 2026
// 重构日志: 76d185e6
// 重构日志: 4c1b2a14
// 重构日志: 155a320b
// 重构日志: 4e061c27
// 重构日志: 87c15bae
// 重构日志: 8511c803
